HTTP/1.1 200 Connection Established
FiddlerGateway: Direct
StartTime: 01:10:21.018
Connection: close

HTTP/1.0 200 OK
Server: SonicWALL
Expires: -1
Cache-Control: no-cache
Content-type: application/json; charset=UTF-8
X-Content-Type-Options: nosniff

{
     "address_objects": [
         {
             "ipv4": {
                 "name": "X0 IP"
                ,"uuid": "cfeeb502-52cf-c94a-0100-18b1699ddacc"
                ,"zone": "LAN"

                ,"host": {
                     "ip": "192.168.71.3"
                 }
             }
         }

        ,{
             "ipv4": {
                 "name": "X1 IP"
                ,"uuid": "be2eb811-cb10-b105-0100-18b1699ddacc"
                ,"zone": "WAN"

                ,"host": {
                 }
             }
         }

        ,{
             "ipv4": {
                 "name": "X1 Subnet"
                ,"uuid": "6ff18c62-da6d-f9dc-0100-18b1699ddacc"
                ,"zone": "WAN"

                ,"network": {
                 }
             }
         }

        ,{
             "ipv4": {
                 "name": "X2 IP"
                ,"uuid": "ebef0a05-0e50-52a8-0100-18b1699ddacc"

                ,"host": {
                 }
             }
         }

        ,{
             "ipv4": {
                 "name": "X2 Subnet"
                ,"uuid": "5c2377bc-3fbe-3890-0100-18b1699ddacc"

                ,"network": {
                 }
             }
         }

        ,{
             "ipv4": {
                 "name": "U0 IP"
                ,"uuid": "8bdb7c4f-2c66-b429-0100-18b1699ddacc"

                ,"host": {
                 }
             }
         }

        ,{
             "ipv4": {
                 "name": "U0 Subnet"
                ,"uuid": "e4168a95-8052-ebe7-0100-18b1699ddacc"

                ,"network": {
                 }
             }
         }

        ,{
             "ipv4": {
                 "name": "Default Gateway"
                ,"uuid": "49599aa6-ad24-8547-0100-18b1699ddacc"
                ,"zone": "WAN"

                ,"host": {
                 }
             }
         }

        ,{
             "ipv4": {
                 "name": "Dial-Up Default Gateway"
                ,"uuid": "e9c85a78-c359-d22f-0100-18b1699ddacc"

                ,"host": {
                 }
             }
         }

        ,{
             "ipv4": {
                 "name": "Default Active WAN IP"
                ,"uuid": "1c11039c-862e-3981-0100-18b1699ddacc"
                ,"zone": "WAN"

                ,"host": {
                 }
             }
         }

        ,{
             "ipv4": {
                 "name": "X0 Subnet"
                ,"uuid": "8d747ea4-5021-c0a5-0100-18b1699ddacc"
                ,"zone": "LAN"

                ,"network": {
                     "subnet": "192.168.71.0"
                    ,"mask": "255.255.255.0"
                 }
             }
         }

        ,{
             "ipv4": {
                 "name": "X1 Default Gateway"
                ,"uuid": "f250604b-a9fe-aedc-0100-18b1699ddacc"
                ,"zone": "WAN"

                ,"host": {
                 }
             }
         }

        ,{
             "ipv4": {
                 "name": "WAN RemoteAccess Networks"
                ,"uuid": "c49ad50c-28fa-26f8-0100-18b1699ddacc"
                ,"zone": "VPN"

                ,"network": {
                 }
             }
         }

        ,{
             "ipv4": {
                 "name": "WLAN RemoteAccess Networks"
                ,"uuid": "c660bb7b-86dd-2ee6-0100-18b1699ddacc"
                ,"zone": "VPN"

                ,"network": {
                 }
             }
         }

        ,{
             "ipv4": {
                 "name": "test_create1_David/Herpin"
                ,"uuid": "00000000-0000-0041-0100-18b1699ddacc"
                ,"zone": "WAN"

                ,"host": {
                     "ip": "2.1.1.1"
                 }
             }
         }

        ,{
             "ipv4": {
                 "name": "test_create1_"
                ,"uuid": "00000000-0000-0129-0100-18b1699ddacc"
                ,"zone": "WAN"

                ,"host": {
                     "ip": "2.1.1.1"
                 }
             }
         }

        ,{
             "ipv4": {
                 "name": "test_create1_David Herpin"
                ,"uuid": "00000000-0000-012c-0100-18b1699ddacc"
                ,"zone": "WAN"

                ,"host": {
                     "ip": "2.1.1.1"
                 }
             }
         }

        ,{
             "ipv4": {
                 "name": "test_update1"
                ,"uuid": "00000000-0000-012e-0100-18b1699ddacc"
                ,"zone": "WAN"

                ,"host": {
                     "ip": "1.1.1.2"
                 }
             }
         }

        ,{
             "ipv4": {
                 "name": "AUTO_type1_;evtCreated=;country=;srcZone=WAN;dstZone=;ip=1.1.1.3;created=2020-06-01_14:44:25;updated=;numOccur=1;eventSource=pySonicOSapi;msgID=-1;descr="
                ,"uuid": "00000000-0000-012f-0100-18b1699ddacc"
                ,"zone": "WAN"

                ,"host": {
                     "ip": "1.1.1.3"
                 }
             }
         }

        ,{
             "ipv4": {
                 "name": "AUTO_type1_;evtCreated=;country=;srcZone=WAN;dstZone=;ip=1.1.1.3;created=2020-06-01_14:46:15;updated=;numOccur=1;eventSource=pySonicOSapi;msgID=-1;descr="
                ,"uuid": "00000000-0000-0130-0100-18b1699ddacc"
                ,"zone": "WAN"

                ,"host": {
                     "ip": "1.1.1.3"
                 }
             }
         }

        ,{
             "ipv4": {
                 "name": "AUTO_type1_;evtCreated=;country=;srcZone=WAN;dstZone=;ip=1.1.1.3;created=2020-06-01_14:46:30;updated=2020-06-01_14:50:23;numOccur=2;eventSource=pySonicOSapi;msgID=-1;descr="
                ,"uuid": "00000000-0000-0131-0100-18b1699ddacc"
                ,"zone": "WAN"

                ,"host": {
                     "ip": "1.1.1.3"
                 }
             }
         }

        ,{
             "ipv4": {
                 "name": "AUTO_type1_;evtCreated=;country=;srcZone=WAN;dstZone=;ip=100.1.1.4;created=2020-06-01_16:47:08;updated=;numOccur=1;eventSource=pySonicOSapi;msgID=-1;descr="
                ,"uuid": "00000000-0000-0133-0100-18b1699ddacc"
                ,"zone": "WAN"

                ,"host": {
                     "ip": "100.1.1.4"
                 }
             }
         }

        ,{
             "ipv4": {
                 "name": "AUTO_type1_;evtCreated=;country=;srcZone=WAN;dstZone=;ip=100.1.1.12;created=2020-06-03_02:51:42;updated=2020-06-03_15:13:13;numOccur=5;eventSource=pySonicOSapi;msgID=-1;descr="
                ,"uuid": "00000000-0000-013c-0100-18b1699ddacc"
                ,"zone": "WAN"

                ,"host": {
                     "ip": "100.1.1.12"
                 }
             }
         }

        ,{
             "ipv4": {
                 "name": "AUTO_type1_;evtCreated=;country=;srcZone=WAN;dstZone=;ip=100.1.1.15;created=2020-06-03_03:10:07;updated=2020-06-03_15:14:39;numOccur=3;eventSource=pySonicOSapi;msgID=-1;descr="
                ,"uuid": "00000000-0000-013f-0100-18b1699ddacc"
                ,"zone": "WAN"

                ,"host": {
                     "ip": "100.1.1.15"
                 }
             }
         }

        ,{
             "ipv4": {
                 "name": "AUTO_type1_;evtCreated=;country=;srcZone=WAN;dstZone=;ip=100.1.1.17;created=2020-06-03_14:46:28;updated=2020-06-03_14:50:34;numOccur=3;eventSource=pySonicOSapi;msgID=-1;descr="
                ,"uuid": "00000000-0000-0141-0100-18b1699ddacc"
                ,"zone": "WAN"

                ,"host": {
                     "ip": "100.1.1.17"
                 }
             }
         }

        ,{
             "ipv4": {
                 "name": "AUTO_type1_;evtCreated=;country=;srcZone=WAN;dstZone=;ip=100.1.1.18;created=2020-06-03_14:57:11;updated=2020-06-03_15:00:06;numOccur=2;eventSource=pySonicOSapi;msgID=-1;descr="
                ,"uuid": "00000000-0000-0142-0100-18b1699ddacc"
                ,"zone": "WAN"

                ,"host": {
                     "ip": "100.1.1.18"
                 }
             }
         }

        ,{
             "ipv4": {
                 "name": "AUTO_type1_;evtCreated=;country=;srcZone=WAN;dstZone=;ip=100.1.1.19;created=2020-06-03_15:00:40;updated=2020-06-03_15:10:09;numOccur=9;eventSource=pySonicOSapi;msgID=-1;descr="
                ,"uuid": "00000000-0000-0143-0100-18b1699ddacc"
                ,"zone": "WAN"

                ,"host": {
                     "ip": "100.1.1.19"
                 }
             }
         }

        ,{
             "ipv4": {
                 "name": "AUTO_type1_;evtCreated=;country=;srcZone=WAN;dstZone=;ip=100.1.1.20;created=2020-06-03_15:11:54;updated=2020-06-03_15:12:34;numOccur=2;eventSource=pySonicOSapi;msgID=-1;descr="
                ,"uuid": "00000000-0000-0144-0100-18b1699ddacc"
                ,"zone": "WAN"

                ,"host": {
                     "ip": "100.1.1.20"
                 }
             }
         }

        ,{
             "ipv4": {
                 "name": "AUTO_type1_;evtCreated=;country=;srcZone=WAN;dstZone=;ip=100.1.1.21;created=2020-06-03_15:13:52;updated=;numOccur=1;eventSource=pySonicOSapi;msgID=-1;descr="
                ,"uuid": "00000000-0000-0145-0100-18b1699ddacc"
                ,"zone": "WAN"

                ,"host": {
                     "ip": "100.1.1.21"
                 }
             }
         }

        ,{
             "ipv4": {
                 "name": "AUTO_type1_;evtCreated=;country=;srcZone=WAN;dstZone=;ip=100.1.1.22;created=2020-06-03_15:14:19;updated=;numOccur=1;eventSource=pySonicOSapi;msgID=-1;descr="
                ,"uuid": "00000000-0000-0146-0100-18b1699ddacc"
                ,"zone": "WAN"

                ,"host": {
                     "ip": "100.1.1.22"
                 }
             }
         }

        ,{
             "ipv4": {
                 "name": "AUTO_type1_;evtCreated=;country=;srcZone=WAN;dstZone=;ip=100.1.1.23;created=2020-06-03_15:15:10;updated=2020-12-27_23:13:02;numOccur=2;eventSource=pySonicOSapi;msgID=-1;descr="
                ,"uuid": "00000000-0000-0147-0100-18b1699ddacc"
                ,"zone": "WAN"

                ,"host": {
                     "ip": "100.1.1.23"
                 }
             }
         }
     ]
}
